{
  "C:\\10xdevs\\src\\components\\ai-modification\\ActionButtonsBar.tsx": {
    "path": "C:\\10xdevs\\src\\components\\ai-modification\\ActionButtonsBar.tsx",
    "statementMap": {
      "0": { "start": { "line": 24, "column": 21 }, "end": { "line": 24, "column": null } },
      "1": { "start": { "line": 26, "column": 2 }, "end": { "line": 36, "column": null } }
    },
    "fnMap": {
      "0": {
        "name": "ActionButtonsBar",
        "decl": { "start": { "line": 23, "column": 16 }, "end": { "line": 23, "column": 33 } },
        "loc": { "start": { "line": 23, "column": 110 }, "end": { "line": 38, "column": null } },
        "line": 23
      }
    },
    "branchMap": {
      "0": {
        "loc": { "start": { "line": 24, "column": 21 }, "end": { "line": 24, "column": null } },
        "type": "binary-expr",
        "locations": [
          { "start": { "line": 24, "column": 21 }, "end": { "line": 24, "column": 33 } },
          { "start": { "line": 24, "column": 33 }, "end": { "line": 24, "column": null } }
        ],
        "line": 24
      },
      "1": {
        "loc": { "start": { "line": 34, "column": 9 }, "end": { "line": 34, "column": null } },
        "type": "cond-expr",
        "locations": [
          { "start": { "line": 34, "column": 20 }, "end": { "line": 34, "column": 34 } },
          { "start": { "line": 34, "column": 34 }, "end": { "line": 34, "column": null } }
        ],
        "line": 34
      }
    },
    "s": { "0": 31, "1": 31 },
    "f": { "0": 31 },
    "b": { "0": [31, 21], "1": [10, 21] },
    "meta": {
      "lastBranch": 2,
      "lastFunction": 1,
      "lastStatement": 2,
      "seen": {
        "f:23:16:23:33": 0,
        "s:24:21:24:Infinity": 0,
        "b:24:21:24:33:24:33:24:Infinity": 0,
        "s:26:2:36:Infinity": 1,
        "b:34:20:34:34:34:34:34:Infinity": 1
      }
    }
  },
  "C:\\10xdevs\\src\\components\\ui\\button.tsx": {
    "path": "C:\\10xdevs\\src\\components\\ui\\button.tsx",
    "statementMap": {
      "0": { "start": { "line": 7, "column": 6 }, "end": { "line": 35, "column": null } },
      "1": { "start": { "line": 47, "column": 15 }, "end": { "line": 47, "column": null } },
      "2": { "start": { "line": 49, "column": 2 }, "end": { "line": 49, "column": null } }
    },
    "fnMap": {
      "0": {
        "name": "Button",
        "decl": { "start": { "line": 37, "column": 9 }, "end": { "line": 37, "column": 16 } },
        "loc": { "start": { "line": 46, "column": 5 }, "end": { "line": 50, "column": null } },
        "line": 46
      }
    },
    "branchMap": {
      "0": {
        "loc": { "start": { "line": 41, "column": 2 }, "end": { "line": 41, "column": null } },
        "type": "default-arg",
        "locations": [{ "start": { "line": 41, "column": 12 }, "end": { "line": 41, "column": null } }],
        "line": 41
      },
      "1": {
        "loc": { "start": { "line": 47, "column": 15 }, "end": { "line": 47, "column": null } },
        "type": "cond-expr",
        "locations": [
          { "start": { "line": 47, "column": 25 }, "end": { "line": 47, "column": 32 } },
          { "start": { "line": 47, "column": 32 }, "end": { "line": 47, "column": null } }
        ],
        "line": 47
      }
    },
    "s": { "0": 2, "1": 103, "2": 103 },
    "f": { "0": 103 },
    "b": { "0": [103], "1": [4, 99] },
    "meta": {
      "lastBranch": 2,
      "lastFunction": 1,
      "lastStatement": 3,
      "seen": {
        "s:7:6:35:Infinity": 0,
        "f:37:9:37:16": 0,
        "b:41:12:41:Infinity": 0,
        "s:47:15:47:Infinity": 1,
        "b:47:25:47:32:47:32:47:Infinity": 1,
        "s:49:2:49:Infinity": 2
      }
    }
  },
  "C:\\10xdevs\\src\\lib\\utils.ts": {
    "path": "C:\\10xdevs\\src\\lib\\utils.ts",
    "statementMap": { "0": { "start": { "line": 5, "column": 2 }, "end": { "line": 5, "column": null } } },
    "fnMap": {
      "0": {
        "name": "cn",
        "decl": { "start": { "line": 4, "column": 16 }, "end": { "line": 4, "column": 22 } },
        "loc": { "start": { "line": 4, "column": 44 }, "end": { "line": 6, "column": null } },
        "line": 4
      }
    },
    "branchMap": {},
    "s": { "0": 145 },
    "f": { "0": 145 },
    "b": {},
    "meta": {
      "lastBranch": 0,
      "lastFunction": 1,
      "lastStatement": 1,
      "seen": { "f:4:16:4:22": 0, "s:5:2:5:Infinity": 0 }
    }
  }
}
